BEGIN 3:spi_if:fast__1:work
    error :  1:tb_sv_unit:fast:work
    data_in :  1:tb_sv_unit:fast:work
    data_out :  1:tb_sv_unit:fast:work
    write_en :  1:tb_sv_unit:fast:work
    rst_n :  1:tb_sv_unit:fast:work
    addr :  1:tb_sv_unit:fast:work
    clk :  1:tb_sv_unit:fast:work
    done :  1:tb_sv_unit:fast:work
END 
BEGIN 3:spi_if:fast__2:work
    addr :  1:tb:fast:work
    data_out :  1:tb:fast:work
    error :  1:tb:fast:work
    write_en :  1:tb:fast:work
    rst_n :  1:tb:fast:work
    data_in :  1:tb:fast:work
    done :  1:tb:fast:work
    clk :  1:tb:fast:work
END 
